2023-02-24 16:50:47,356 [Worker-6: Loading available Gradle versions] INFO  o.e.b.c.i.u.g.PublishedGradleVersions - Gradle version information cache is up-to-date. Trying to read.
2023-02-24 16:51:57,115 [Worker-4: Importing Maven projects] INFO  o.e.m.c.i.l.LifecycleMappingFactory - Using org.eclipse.m2e.jdt.JarLifecycleMapping lifecycle mapping for MavenProject: evaluation:angular:0.0.1-SNAPSHOT @ C:\Users\theob\Documents\6 Travail\Formation JAVA Fullstack\29 Projet final et soutenance\WK_ProjetFinal\angular\pom.xml.
2023-02-24 16:51:58,153 [Worker-4: Importing Maven projects] INFO  o.e.m.j.i.AbstractJavaProjectConfigurator - Adding source folder /angular/src/main/java
2023-02-24 16:51:58,153 [Worker-4: Importing Maven projects] INFO  o.e.m.j.i.AbstractJavaProjectConfigurator - Adding resource folder /angular/src/main/resources
2023-02-24 16:51:58,158 [Worker-4: Importing Maven projects] INFO  o.e.m.j.i.AbstractJavaProjectConfigurator - Adding resource folder /angular/src/main/resources
2023-02-24 16:51:58,162 [Worker-4: Importing Maven projects] INFO  o.e.m.j.i.AbstractJavaProjectConfigurator - Adding source folder /angular/src/test/java
2023-02-24 16:51:58,846 [Worker-4: Importing Maven projects] INFO  o.e.m.c.i.p.ProjectConfigurationManager - Imported and configured 1 project(s) in 2 sec
2023-02-24 17:04:51,458 [Worker-29: Building] INFO  o.e.m.c.i.l.LifecycleMappingFactory - Using org.eclipse.m2e.jdt.JarLifecycleMapping lifecycle mapping for MavenProject: evaluation:angular:0.0.1-SNAPSHOT @ C:\Users\theob\Documents\6 Travail\Formation JAVA Fullstack\29 Projet final et soutenance\WK_ProjetFinal\angular\pom.xml.
2023-02-24 17:04:51,911 [Worker-29: Building] INFO  o.a.m.s.f.DefaultMavenResourcesFiltering - Copying 0 resource
2023-02-24 17:04:51,912 [Worker-29: Building] INFO  o.a.m.s.f.DefaultMavenResourcesFiltering - Copying 0 resource
2023-02-24 17:04:51,915 [Worker-29: Building] INFO  o.a.m.s.f.DefaultMavenResourcesFiltering - skip non existing resourceDirectory C:\Users\theob\Documents\6 Travail\Formation JAVA Fullstack\29 Projet final et soutenance\WK_ProjetFinal\angular\src\test\resources
2023-02-24 17:04:53,178 [Worker-35: Building] INFO  o.a.m.s.f.DefaultMavenResourcesFiltering - Copying 1 resource
2023-02-24 17:04:53,201 [Worker-35: Building] INFO  o.a.m.s.f.DefaultMavenResourcesFiltering - Copying 0 resource
2023-02-24 17:04:53,206 [Worker-35: Building] INFO  o.a.m.s.f.DefaultMavenResourcesFiltering - skip non existing resourceDirectory C:\Users\theob\Documents\6 Travail\Formation JAVA Fullstack\29 Projet final et soutenance\WK_ProjetFinal\angular\src\test\resources
2023-02-24 17:04:55,562 [Worker-37: Updating Maven Project] INFO  o.e.m.c.i.p.ProjectConfigurationManager - Update started
2023-02-24 17:04:55,749 [Worker-37: Updating Maven Project] INFO  o.e.m.c.i.l.LifecycleMappingFactory - Using org.eclipse.m2e.jdt.JarLifecycleMapping lifecycle mapping for MavenProject: evaluation:angular:0.0.1-SNAPSHOT @ C:\Users\theob\Documents\6 Travail\Formation JAVA Fullstack\29 Projet final et soutenance\WK_ProjetFinal\angular\pom.xml.
2023-02-24 17:04:56,049 [Worker-37: Updating Maven Project] INFO  o.e.m.j.i.AbstractJavaProjectConfigurator - Adding source folder /angular/src/main/java
2023-02-24 17:04:56,050 [Worker-37: Updating Maven Project] INFO  o.e.m.j.i.AbstractJavaProjectConfigurator - Adding resource folder /angular/src/main/resources
2023-02-24 17:04:56,050 [Worker-37: Updating Maven Project] INFO  o.e.m.j.i.AbstractJavaProjectConfigurator - Adding resource folder /angular/src/main/resources
2023-02-24 17:04:56,050 [Worker-37: Updating Maven Project] INFO  o.e.m.j.i.AbstractJavaProjectConfigurator - Adding source folder /angular/src/test/java
2023-02-24 17:04:56,289 [Worker-37: Updating Maven Project] INFO  o.e.m.c.i.p.ProjectConfigurationManager - Update completed for 1 poms: local refresh takes 0,00 sec, refresh facades takes 0,00 sec, update config takes 0,00 sec 
2023-02-24 17:05:11,846 [Worker-36: Building] INFO  o.e.m.c.i.l.LifecycleMappingFactory - Using org.eclipse.m2e.jdt.JarLifecycleMapping lifecycle mapping for MavenProject: evaluation:angular:0.0.1-SNAPSHOT @ C:\Users\theob\Documents\6 Travail\Formation JAVA Fullstack\29 Projet final et soutenance\WK_ProjetFinal\angular\pom.xml.
2023-02-24 17:05:12,238 [Worker-36: Building] INFO  o.a.m.s.f.DefaultMavenResourcesFiltering - Copying 0 resource
2023-02-24 17:05:12,239 [Worker-36: Building] INFO  o.a.m.s.f.DefaultMavenResourcesFiltering - Copying 0 resource
2023-02-24 17:05:12,244 [Worker-36: Building] INFO  o.a.m.s.f.DefaultMavenResourcesFiltering - skip non existing resourceDirectory C:\Users\theob\Documents\6 Travail\Formation JAVA Fullstack\29 Projet final et soutenance\WK_ProjetFinal\angular\src\test\resources
2023-02-24 17:05:13,492 [Worker-29: Building] INFO  o.a.m.s.f.DefaultMavenResourcesFiltering - Copying 1 resource
2023-02-24 17:05:13,510 [Worker-29: Building] INFO  o.a.m.s.f.DefaultMavenResourcesFiltering - Copying 0 resource
2023-02-24 17:05:13,515 [Worker-29: Building] INFO  o.a.m.s.f.DefaultMavenResourcesFiltering - skip non existing resourceDirectory C:\Users\theob\Documents\6 Travail\Formation JAVA Fullstack\29 Projet final et soutenance\WK_ProjetFinal\angular\src\test\resources
2023-02-24 17:05:34,646 [Worker-34: Updating Maven Project] INFO  o.e.m.c.i.p.ProjectConfigurationManager - Update started
2023-02-24 17:05:34,849 [Worker-34: Updating Maven Project] INFO  o.e.m.c.i.l.LifecycleMappingFactory - Using org.eclipse.m2e.jdt.JarLifecycleMapping lifecycle mapping for MavenProject: evaluation:angular:0.0.1-SNAPSHOT @ C:\Users\theob\Documents\6 Travail\Formation JAVA Fullstack\29 Projet final et soutenance\WK_ProjetFinal\angular\pom.xml.
2023-02-24 17:05:35,166 [Worker-34: Updating Maven Project] INFO  o.e.m.j.i.AbstractJavaProjectConfigurator - Adding source folder /angular/src/main/java
2023-02-24 17:05:35,166 [Worker-34: Updating Maven Project] INFO  o.e.m.j.i.AbstractJavaProjectConfigurator - Adding resource folder /angular/src/main/resources
2023-02-24 17:05:35,167 [Worker-34: Updating Maven Project] INFO  o.e.m.j.i.AbstractJavaProjectConfigurator - Adding resource folder /angular/src/main/resources
2023-02-24 17:05:35,167 [Worker-34: Updating Maven Project] INFO  o.e.m.j.i.AbstractJavaProjectConfigurator - Adding source folder /angular/src/test/java
2023-02-24 17:05:35,389 [Worker-34: Updating Maven Project] INFO  o.e.m.c.i.p.ProjectConfigurationManager - Update completed for 1 poms: local refresh takes 0,00 sec, refresh facades takes 0,00 sec, update config takes 0,00 sec 
2023-02-24 17:06:33,211 [Worker-34: Building] INFO  o.e.m.c.i.l.LifecycleMappingFactory - Using org.eclipse.m2e.jdt.JarLifecycleMapping lifecycle mapping for MavenProject: evaluation:angular:0.0.1-SNAPSHOT @ C:\Users\theob\Documents\6 Travail\Formation JAVA Fullstack\29 Projet final et soutenance\WK_ProjetFinal\angular\pom.xml.
2023-02-24 17:06:33,694 [Worker-34: Building] INFO  o.a.m.s.f.DefaultMavenResourcesFiltering - Copying 0 resource
2023-02-24 17:06:33,694 [Worker-34: Building] INFO  o.a.m.s.f.DefaultMavenResourcesFiltering - Copying 0 resource
2023-02-24 17:06:33,699 [Worker-34: Building] INFO  o.a.m.s.f.DefaultMavenResourcesFiltering - skip non existing resourceDirectory C:\Users\theob\Documents\6 Travail\Formation JAVA Fullstack\29 Projet final et soutenance\WK_ProjetFinal\angular\src\test\resources
2023-02-24 17:06:38,186 [Worker-34: Updating Maven Project] INFO  o.e.m.c.i.p.ProjectConfigurationManager - Update started
2023-02-24 17:06:38,392 [Worker-34: Updating Maven Project] INFO  o.e.m.c.i.l.LifecycleMappingFactory - Using org.eclipse.m2e.jdt.JarLifecycleMapping lifecycle mapping for MavenProject: evaluation:angular:0.0.1-SNAPSHOT @ C:\Users\theob\Documents\6 Travail\Formation JAVA Fullstack\29 Projet final et soutenance\WK_ProjetFinal\angular\pom.xml.
2023-02-24 17:06:38,750 [Worker-34: Updating Maven Project] INFO  o.e.m.j.i.AbstractJavaProjectConfigurator - Adding source folder /angular/src/main/java
2023-02-24 17:06:38,750 [Worker-34: Updating Maven Project] INFO  o.e.m.j.i.AbstractJavaProjectConfigurator - Adding resource folder /angular/src/main/resources
2023-02-24 17:06:38,750 [Worker-34: Updating Maven Project] INFO  o.e.m.j.i.AbstractJavaProjectConfigurator - Adding resource folder /angular/src/main/resources
2023-02-24 17:06:38,751 [Worker-34: Updating Maven Project] INFO  o.e.m.j.i.AbstractJavaProjectConfigurator - Adding source folder /angular/src/test/java
2023-02-24 17:06:38,987 [Worker-34: Updating Maven Project] INFO  o.e.m.c.i.p.ProjectConfigurationManager - Update completed for 1 poms: local refresh takes 0,00 sec, refresh facades takes 0,00 sec, update config takes 0,00 sec 
2023-02-24 17:06:44,556 [Worker-39: Updating Maven Project] INFO  o.e.m.c.i.p.ProjectConfigurationManager - Update started
2023-02-24 17:06:44,746 [Worker-39: Updating Maven Project] INFO  o.e.m.c.i.l.LifecycleMappingFactory - Using org.eclipse.m2e.jdt.JarLifecycleMapping lifecycle mapping for MavenProject: evaluation:angular:0.0.1-SNAPSHOT @ C:\Users\theob\Documents\6 Travail\Formation JAVA Fullstack\29 Projet final et soutenance\WK_ProjetFinal\angular\pom.xml.
2023-02-24 17:06:45,051 [Worker-39: Updating Maven Project] INFO  o.e.m.j.i.AbstractJavaProjectConfigurator - Adding source folder /angular/src/main/java
2023-02-24 17:06:45,052 [Worker-39: Updating Maven Project] INFO  o.e.m.j.i.AbstractJavaProjectConfigurator - Adding resource folder /angular/src/main/resources
2023-02-24 17:06:45,052 [Worker-39: Updating Maven Project] INFO  o.e.m.j.i.AbstractJavaProjectConfigurator - Adding resource folder /angular/src/main/resources
2023-02-24 17:06:45,052 [Worker-39: Updating Maven Project] INFO  o.e.m.j.i.AbstractJavaProjectConfigurator - Adding source folder /angular/src/test/java
2023-02-24 17:06:45,285 [Worker-39: Updating Maven Project] INFO  o.e.m.c.i.p.ProjectConfigurationManager - Update completed for 1 poms: local refresh takes 0,00 sec, refresh facades takes 0,00 sec, update config takes 0,00 sec 
2023-02-24 17:30:27,585 [Worker-58: Building] INFO  o.e.m.c.i.l.LifecycleMappingFactory - Using org.eclipse.m2e.jdt.JarLifecycleMapping lifecycle mapping for MavenProject: evaluation:angular:0.0.1-SNAPSHOT @ C:\Users\theob\Documents\6 Travail\Formation JAVA Fullstack\29 Projet final et soutenance\WK_ProjetFinal\angular\pom.xml.
2023-02-24 17:30:28,013 [Worker-58: Building] INFO  o.a.m.s.f.DefaultMavenResourcesFiltering - Copying 0 resource
2023-02-24 17:30:28,014 [Worker-58: Building] INFO  o.a.m.s.f.DefaultMavenResourcesFiltering - Copying 0 resource
2023-02-24 17:30:28,020 [Worker-58: Building] INFO  o.a.m.s.f.DefaultMavenResourcesFiltering - skip non existing resourceDirectory C:\Users\theob\Documents\6 Travail\Formation JAVA Fullstack\29 Projet final et soutenance\WK_ProjetFinal\angular\src\test\resources
2023-02-24 17:30:29,322 [Worker-58: Building] INFO  o.a.m.s.f.DefaultMavenResourcesFiltering - Copying 1 resource
2023-02-24 17:30:29,345 [Worker-58: Building] INFO  o.a.m.s.f.DefaultMavenResourcesFiltering - Copying 0 resource
2023-02-24 17:30:29,350 [Worker-58: Building] INFO  o.a.m.s.f.DefaultMavenResourcesFiltering - skip non existing resourceDirectory C:\Users\theob\Documents\6 Travail\Formation JAVA Fullstack\29 Projet final et soutenance\WK_ProjetFinal\angular\src\test\resources
2023-02-24 17:30:37,697 [Worker-60: Updating Maven Project] INFO  o.e.m.c.i.p.ProjectConfigurationManager - Update started
2023-02-24 17:30:37,897 [Worker-60: Updating Maven Project] INFO  o.e.m.c.i.l.LifecycleMappingFactory - Using org.eclipse.m2e.jdt.JarLifecycleMapping lifecycle mapping for MavenProject: evaluation:angular:0.0.1-SNAPSHOT @ C:\Users\theob\Documents\6 Travail\Formation JAVA Fullstack\29 Projet final et soutenance\WK_ProjetFinal\angular\pom.xml.
2023-02-24 17:30:38,269 [Worker-60: Updating Maven Project] INFO  o.e.m.j.i.AbstractJavaProjectConfigurator - Adding source folder /angular/src/main/java
2023-02-24 17:30:38,270 [Worker-60: Updating Maven Project] INFO  o.e.m.j.i.AbstractJavaProjectConfigurator - Adding resource folder /angular/src/main/resources
2023-02-24 17:30:38,270 [Worker-60: Updating Maven Project] INFO  o.e.m.j.i.AbstractJavaProjectConfigurator - Adding resource folder /angular/src/main/resources
2023-02-24 17:30:38,270 [Worker-60: Updating Maven Project] INFO  o.e.m.j.i.AbstractJavaProjectConfigurator - Adding source folder /angular/src/test/java
2023-02-24 17:30:38,540 [Worker-60: Updating Maven Project] INFO  o.e.m.c.i.p.ProjectConfigurationManager - Update completed for 1 poms: local refresh takes 0,00 sec, refresh facades takes 0,00 sec, update config takes 0,00 sec 
2023-02-24 17:34:28,128 [Worker-57: Building] INFO  o.e.m.c.i.l.LifecycleMappingFactory - Using org.eclipse.m2e.jdt.JarLifecycleMapping lifecycle mapping for MavenProject: evaluation:angular:0.0.1-SNAPSHOT @ C:\Users\theob\Documents\6 Travail\Formation JAVA Fullstack\29 Projet final et soutenance\WK_ProjetFinal\angular\pom.xml.
2023-02-24 17:34:28,635 [Worker-57: Building] INFO  o.a.m.s.f.DefaultMavenResourcesFiltering - Copying 0 resource
2023-02-24 17:34:28,635 [Worker-57: Building] INFO  o.a.m.s.f.DefaultMavenResourcesFiltering - Copying 0 resource
2023-02-24 17:34:28,639 [Worker-57: Building] INFO  o.a.m.s.f.DefaultMavenResourcesFiltering - skip non existing resourceDirectory C:\Users\theob\Documents\6 Travail\Formation JAVA Fullstack\29 Projet final et soutenance\WK_ProjetFinal\angular\src\test\resources
2023-02-24 17:34:29,916 [Worker-65: Building] INFO  o.a.m.s.f.DefaultMavenResourcesFiltering - Copying 1 resource
2023-02-24 17:34:29,942 [Worker-65: Building] INFO  o.a.m.s.f.DefaultMavenResourcesFiltering - Copying 0 resource
2023-02-24 17:34:29,947 [Worker-65: Building] INFO  o.a.m.s.f.DefaultMavenResourcesFiltering - skip non existing resourceDirectory C:\Users\theob\Documents\6 Travail\Formation JAVA Fullstack\29 Projet final et soutenance\WK_ProjetFinal\angular\src\test\resources
2023-02-24 17:40:36,448 [Worker-63: Building] INFO  o.a.m.s.f.DefaultMavenResourcesFiltering - Copying 1 resource
2023-02-24 17:40:36,456 [Worker-63: Building] INFO  o.a.m.s.f.DefaultMavenResourcesFiltering - Copying 0 resource
2023-02-24 17:40:36,458 [Worker-63: Building] INFO  o.a.m.s.f.DefaultMavenResourcesFiltering - skip non existing resourceDirectory C:\Users\theob\Documents\6 Travail\Formation JAVA Fullstack\29 Projet final et soutenance\WK_ProjetFinal\angular\src\test\resources
2023-02-24 17:42:42,985 [Worker-63: Building] INFO  o.a.m.s.f.DefaultMavenResourcesFiltering - Copying 1 resource
2023-02-24 17:42:42,993 [Worker-63: Building] INFO  o.a.m.s.f.DefaultMavenResourcesFiltering - Copying 0 resource
2023-02-24 17:42:42,995 [Worker-63: Building] INFO  o.a.m.s.f.DefaultMavenResourcesFiltering - skip non existing resourceDirectory C:\Users\theob\Documents\6 Travail\Formation JAVA Fullstack\29 Projet final et soutenance\WK_ProjetFinal\angular\src\test\resources
2023-02-24 17:43:02,309 [Worker-74: Building] INFO  o.a.m.s.f.DefaultMavenResourcesFiltering - Copying 1 resource
2023-02-24 17:43:02,319 [Worker-74: Building] INFO  o.a.m.s.f.DefaultMavenResourcesFiltering - Copying 0 resource
2023-02-24 17:43:02,321 [Worker-74: Building] INFO  o.a.m.s.f.DefaultMavenResourcesFiltering - skip non existing resourceDirectory C:\Users\theob\Documents\6 Travail\Formation JAVA Fullstack\29 Projet final et soutenance\WK_ProjetFinal\angular\src\test\resources
2023-02-24 17:44:46,020 [Worker-74: Building] INFO  o.a.m.s.f.DefaultMavenResourcesFiltering - Copying 1 resource
2023-02-24 17:44:46,030 [Worker-74: Building] INFO  o.a.m.s.f.DefaultMavenResourcesFiltering - Copying 0 resource
2023-02-24 17:44:46,033 [Worker-74: Building] INFO  o.a.m.s.f.DefaultMavenResourcesFiltering - skip non existing resourceDirectory C:\Users\theob\Documents\6 Travail\Formation JAVA Fullstack\29 Projet final et soutenance\WK_ProjetFinal\angular\src\test\resources
2023-02-24 17:44:58,440 [Worker-74: Building] INFO  o.a.m.s.f.DefaultMavenResourcesFiltering - Copying 1 resource
2023-02-24 17:44:58,452 [Worker-74: Building] INFO  o.a.m.s.f.DefaultMavenResourcesFiltering - Copying 0 resource
2023-02-24 17:44:58,456 [Worker-74: Building] INFO  o.a.m.s.f.DefaultMavenResourcesFiltering - skip non existing resourceDirectory C:\Users\theob\Documents\6 Travail\Formation JAVA Fullstack\29 Projet final et soutenance\WK_ProjetFinal\angular\src\test\resources
2023-02-24 22:59:43,188 [Worker-93: Building] INFO  o.a.m.s.f.DefaultMavenResourcesFiltering - Copying 1 resource
2023-02-24 22:59:43,273 [Worker-93: Building] INFO  o.a.m.s.f.DefaultMavenResourcesFiltering - Copying 0 resource
2023-02-24 22:59:43,278 [Worker-93: Building] INFO  o.a.m.s.f.DefaultMavenResourcesFiltering - skip non existing resourceDirectory C:\Users\theob\Documents\6 Travail\Formation JAVA Fullstack\29 Projet final et soutenance\WK_ProjetFinal\angular\src\test\resources
2023-02-24 23:04:43,041 [Worker-93: Periodic workspace save.] ERROR o.e.m.c.i.p.r.ProjectRegistryReader - Can't write workspace state
java.io.FileNotFoundException: C:\Users\theob\Documents\6 Travail\Formation JAVA Fullstack\29 Projet final et soutenance\WK_ProjetFinal\.metadata\.plugins\org.eclipse.m2e.core\workspaceState.ser (Le chemin d’accès spécifié est introuvable)
	at java.base/java.io.FileOutputStream.open0(Native Method)
	at java.base/java.io.FileOutputStream.open(FileOutputStream.java:293)
	at java.base/java.io.FileOutputStream.<init>(FileOutputStream.java:235)
	at java.base/java.io.FileOutputStream.<init>(FileOutputStream.java:184)
	at org.eclipse.m2e.core.internal.project.registry.ProjectRegistryReader.createObjectOutputStream(ProjectRegistryReader.java:128)
	at org.eclipse.m2e.core.internal.project.registry.ProjectRegistryReader.writeWorkspaceState(ProjectRegistryReader.java:117)
	at org.eclipse.m2e.core.internal.project.registry.ProjectRegistryManager.writeWorkspaceState(ProjectRegistryManager.java:990)
	at org.eclipse.m2e.core.internal.project.registry.ProjectRegistryManager.saving(ProjectRegistryManager.java:1141)
	at org.eclipse.core.internal.resources.SaveManager.executeLifecycle(SaveManager.java:394)
	at org.eclipse.core.internal.resources.SaveManager$1.run(SaveManager.java:210)
	at org.eclipse.core.runtime.SafeRunner.run(SafeRunner.java:45)
	at org.eclipse.core.internal.resources.SaveManager.broadcastLifecycle(SaveManager.java:213)
	at org.eclipse.core.internal.resources.SaveManager.save(SaveManager.java:1171)
	at org.eclipse.core.internal.resources.SaveManager.save(SaveManager.java:1150)
	at org.eclipse.core.internal.resources.DelayedSnapshotJob.run(DelayedSnapshotJob.java:51)
	at org.eclipse.core.internal.jobs.Worker.run(Worker.java:63)
